# JRE version: OpenJDK Runtime Environment (11.0.11+9) (build 11.0.11+9-b60-7590822)
# Java VM: OpenJDK 64-Bit Server VM (11.0.11+9-b60-7590822, mixed mode, tiered, compressed oops, g1 gc, windows-amd64)
Heap:
 garbage-first heap   total 220160K, used 181463K [0x0000000080000000, 0x0000000100000000)
  region size 1024K, 7 young (7168K), 2 survivors (2048K)
 Metaspace       used 121733K, capacity 125253K, committed 125424K, reserved 1159168K
  class space    used 15229K, capacity 16506K, committed 16588K, reserved 1048576K
GC Heap History (20 events):
Event: 328.306 GC heap before
{Heap before GC invocations=55 (full 0):
 garbage-first heap   total 220160K, used 182577K [0x0000000080000000, 0x0000000100000000)
  region size 1024K, 37 young (37888K), 6 survivors (6144K)
 Metaspace       used 114629K, capacity 117420K, committed 117616K, reserved 1150976K
  class space    used 14275K, capacity 15322K, committed 15436K, reserved 1048576K
}
Event: 328.340 GC heap after
{Heap after GC invocations=56 (full 0):
 garbage-first heap   total 220160K, used 153855K [0x0000000080000000, 0x0000000100000000)
  region size 1024K, 3 young (3072K), 3 survivors (3072K)
 Metaspace       used 114629K, capacity 117420K, committed 117616K, reserved 1150976K
  class space    used 14275K, capacity 15322K, committed 15436K, reserved 1048576K
}
Event: 336.424 GC heap before
{Heap before GC invocations=56 (full 0):
 garbage-first heap   total 220160K, used 183551K [0x0000000080000000, 0x0000000100000000)
  region size 1024K, 32 young (32768K), 3 survivors (3072K)
 Metaspace       used 116493K, capacity 119512K, committed 119664K, reserved 1153024K
  class space    used 14528K, capacity 15675K, committed 15692K, reserved 1048576K
}
Event: 336.446 GC heap after
{Heap after GC invocations=57 (full 0):
 garbage-first heap   total 220160K, used 155560K [0x0000000080000000, 0x0000000100000000)
  region size 1024K, 2 young (2048K), 2 survivors (2048K)
 Metaspace       used 116493K, capacity 119512K, committed 119664K, reserved 1153024K
  class space    used 14528K, capacity 15675K, committed 15692K, reserved 1048576K
}
Event: 341.543 GC heap before
{Heap before GC invocations=57 (full 0):
 garbage-first heap   total 220160K, used 186280K [0x0000000080000000, 0x0000000100000000)
  region size 1024K, 31 young (31744K), 2 survivors (2048K)
 Metaspace       used 119503K, capacity 122867K, committed 123120K, reserved 1157120K
  class space    used 15001K, capacity 16280K, committed 16332K, reserved 1048576K
}
Event: 341.568 GC heap after
{Heap after GC invocations=58 (full 0):
 garbage-first heap   total 220160K, used 158748K [0x0000000080000000, 0x0000000100000000)
  region size 1024K, 4 young (4096K), 4 survivors (4096K)
 Metaspace       used 119503K, capacity 122867K, committed 123120K, reserved 1157120K
  class space    used 15001K, capacity 16280K, committed 16332K, reserved 1048576K
}
Event: 349.146 GC heap before
{Heap before GC invocations=58 (full 0):
 garbage-first heap   total 220160K, used 187420K [0x0000000080000000, 0x0000000100000000)
  region size 1024K, 32 young (32768K), 4 survivors (4096K)
 Metaspace       used 120049K, capacity 123528K, committed 123632K, reserved 1157120K
  class space    used 15025K, capacity 16322K, committed 16332K, reserved 1048576K
}
Event: 349.171 GC heap after
{Heap after GC invocations=59 (full 0):
 garbage-first heap   total 220160K, used 156684K [0x0000000080000000, 0x0000000100000000)
  region size 1024K, 1 young (1024K), 1 survivors (1024K)
 Metaspace       used 120049K, capacity 123528K, committed 123632K, reserved 1157120K
  class space    used 15025K, capacity 16322K, committed 16332K, reserved 1048576K
}
Event: 374.985 GC heap before
{Heap before GC invocations=59 (full 0):
 garbage-first heap   total 220160K, used 185356K [0x0000000080000000, 0x0000000100000000)
  region size 1024K, 30 young (30720K), 1 survivors (1024K)
 Metaspace       used 120082K, capacity 123595K, committed 123632K, reserved 1157120K
  class space    used 15027K, capacity 16323K, committed 16332K, reserved 1048576K
}
Event: 375.009 GC heap after
{Heap after GC invocations=60 (full 0):
 garbage-first heap   total 220160K, used 162924K [0x0000000080000000, 0x0000000100000000)
  region size 1024K, 4 young (4096K), 4 survivors (4096K)
 Metaspace       used 120082K, capacity 123595K, committed 123632K, reserved 1157120K
  class space    used 15027K, capacity 16323K, committed 16332K, reserved 1048576K
}
Event: 456.664 GC heap before
{Heap before GC invocations=60 (full 0):
 garbage-first heap   total 220160K, used 186476K [0x0000000080000000, 0x0000000100000000)
  region size 1024K, 28 young (28672K), 4 survivors (4096K)
 Metaspace       used 120214K, capacity 123619K, committed 123632K, reserved 1157120K
  class space    used 15043K, capacity 16329K, committed 16332K, reserved 1048576K
}
Event: 456.680 GC heap after
{Heap after GC invocations=61 (full 0):
 garbage-first heap   total 220160K, used 163219K [0x0000000080000000, 0x0000000100000000)
  region size 1024K, 1 young (1024K), 1 survivors (1024K)
 Metaspace       used 120214K, capacity 123619K, committed 123632K, reserved 1157120K
  class space    used 15043K, capacity 16329K, committed 16332K, reserved 1048576K
}
Event: 461.206 GC heap before
{Heap before GC invocations=61 (full 0):
 garbage-first heap   total 220160K, used 186771K [0x0000000080000000, 0x0000000100000000)
  region size 1024K, 25 young (25600K), 1 survivors (1024K)
 Metaspace       used 120878K, capacity 124426K, committed 124528K, reserved 1157120K
  class space    used 15132K, capacity 16406K, committed 16460K, reserved 1048576K
}
Event: 461.226 GC heap after
{Heap after GC invocations=62 (full 0):
 garbage-first heap   total 220160K, used 165992K [0x0000000080000000, 0x0000000100000000)
  region size 1024K, 4 young (4096K), 4 survivors (4096K)
 Metaspace       used 120878K, capacity 124426K, committed 124528K, reserved 1157120K
  class space    used 15132K, capacity 16406K, committed 16460K, reserved 1048576K
}
Event: 463.597 GC heap before
{Heap before GC invocations=62 (full 0):
 garbage-first heap   total 220160K, used 187496K [0x0000000080000000, 0x0000000100000000)
  region size 1024K, 26 young (26624K), 4 survivors (4096K)
 Metaspace       used 121040K, capacity 124528K, committed 124784K, reserved 1157120K
  class space    used 15152K, capacity 16440K, committed 16460K, reserved 1048576K
}
Event: 463.674 GC heap after
{Heap after GC invocations=63 (full 0):
 garbage-first heap   total 220160K, used 173455K [0x0000000080000000, 0x0000000100000000)
  region size 1024K, 4 young (4096K), 4 survivors (4096K)
 Metaspace       used 121040K, capacity 124528K, committed 124784K, reserved 1157120K
  class space    used 15152K, capacity 16440K, committed 16460K, reserved 1048576K
}
Event: 475.283 GC heap before
{Heap before GC invocations=63 (full 0):
 garbage-first heap   total 220160K, used 187791K [0x0000000080000000, 0x0000000100000000)
  region size 1024K, 19 young (19456K), 4 survivors (4096K)
 Metaspace       used 121155K, capacity 124657K, committed 124784K, reserved 1157120K
  class space    used 15160K, capacity 16440K, committed 16460K, reserved 1048576K
}
Event: 475.327 GC heap after
{Heap after GC invocations=64 (full 0):
 garbage-first heap   total 220160K, used 177128K [0x0000000080000000, 0x0000000100000000)
  region size 1024K, 3 young (3072K), 3 survivors (3072K)
 Metaspace       used 121155K, capacity 124657K, committed 124784K, reserved 1157120K
  class space    used 15160K, capacity 16440K, committed 16460K, reserved 1048576K
}
Event: 481.990 GC heap before
{Heap before GC invocations=64 (full 0):
 garbage-first heap   total 220160K, used 189416K [0x0000000080000000, 0x0000000100000000)
  region size 1024K, 16 young (16384K), 3 survivors (3072K)
 Metaspace       used 121521K, capacity 124895K, committed 125040K, reserved 1159168K
  class space    used 15205K, capacity 16455K, committed 16460K, reserved 1048576K
}
Event: 482.012 GC heap after
{Heap after GC invocations=65 (full 0):
 garbage-first heap   total 220160K, used 178455K [0x0000000080000000, 0x0000000100000000)
  region size 1024K, 2 young (2048K), 2 survivors (2048K)
 Metaspace       used 121521K, capacity 124895K, committed 125040K, reserved 1159168K
  class space    used 15205K, capacity 16455K, committed 16460K, reserved 1048576K
}

