# JRE version: OpenJDK Runtime Environment (11.0.11+9) (build 11.0.11+9-b60-7590822)
# Java VM: OpenJDK 64-Bit Server VM (11.0.11+9-b60-7590822, mixed mode, tiered, compressed oops, g1 gc, windows-amd64)
Heap:
 garbage-first heap   total 328704K, used 235900K [0x0000000085200000, 0x0000000100000000)
  region size 1024K, 65 young (66560K), 10 survivors (10240K)
 Metaspace       used 96833K, capacity 97779K, committed 98048K, reserved 1136640K
  class space    used 9527K, capacity 9881K, committed 9984K, reserved 1048576K
GC Heap History (20 events):
Event: 127.612 GC heap before
{Heap before GC invocations=37 (full 0):
 garbage-first heap   total 273408K, used 160397K [0x0000000085200000, 0x0000000100000000)
  region size 1024K, 13 young (13312K), 5 survivors (5120K)
 Metaspace       used 95551K, capacity 96521K, committed 96640K, reserved 1136640K
  class space    used 9481K, capacity 9847K, committed 9856K, reserved 1048576K
}
Event: 127.640 GC heap after
{Heap after GC invocations=38 (full 0):
 garbage-first heap   total 273408K, used 152344K [0x0000000085200000, 0x0000000100000000)
  region size 1024K, 1 young (1024K), 1 survivors (1024K)
 Metaspace       used 95551K, capacity 96521K, committed 96640K, reserved 1136640K
  class space    used 9481K, capacity 9847K, committed 9856K, reserved 1048576K
}
Event: 128.931 GC heap before
{Heap before GC invocations=38 (full 0):
 garbage-first heap   total 273408K, used 220952K [0x0000000085200000, 0x0000000100000000)
  region size 1024K, 68 young (69632K), 1 survivors (1024K)
 Metaspace       used 95681K, capacity 96649K, committed 96896K, reserved 1136640K
  class space    used 9489K, capacity 9847K, committed 9856K, reserved 1048576K
}
Event: 128.943 GC heap after
{Heap after GC invocations=39 (full 0):
 garbage-first heap   total 273408K, used 152491K [0x0000000085200000, 0x0000000100000000)
  region size 1024K, 2 young (2048K), 2 survivors (2048K)
 Metaspace       used 95681K, capacity 96649K, committed 96896K, reserved 1136640K
  class space    used 9489K, capacity 9847K, committed 9856K, reserved 1048576K
}
Event: 132.458 GC heap before
{Heap before GC invocations=40 (full 0):
 garbage-first heap   total 273408K, used 223147K [0x0000000085200000, 0x0000000100000000)
  region size 1024K, 71 young (72704K), 2 survivors (2048K)
 Metaspace       used 96051K, capacity 97004K, committed 97280K, reserved 1136640K
  class space    used 9514K, capacity 9880K, committed 9984K, reserved 1048576K
}
Event: 132.486 GC heap after
{Heap after GC invocations=41 (full 0):
 garbage-first heap   total 328704K, used 155228K [0x0000000085200000, 0x0000000100000000)
  region size 1024K, 4 young (4096K), 4 survivors (4096K)
 Metaspace       used 96051K, capacity 97004K, committed 97280K, reserved 1136640K
  class space    used 9514K, capacity 9880K, committed 9984K, reserved 1048576K
}
Event: 135.850 GC heap before
{Heap before GC invocations=41 (full 0):
 garbage-first heap   total 328704K, used 256604K [0x0000000085200000, 0x0000000100000000)
  region size 1024K, 103 young (105472K), 4 survivors (4096K)
 Metaspace       used 96266K, capacity 97260K, committed 97536K, reserved 1136640K
  class space    used 9516K, capacity 9880K, committed 9984K, reserved 1048576K
}
Event: 135.891 GC heap after
{Heap after GC invocations=42 (full 0):
 garbage-first heap   total 328704K, used 161070K [0x0000000085200000, 0x0000000100000000)
  region size 1024K, 10 young (10240K), 10 survivors (10240K)
 Metaspace       used 96266K, capacity 97260K, committed 97536K, reserved 1136640K
  class space    used 9516K, capacity 9880K, committed 9984K, reserved 1048576K
}
Event: 138.528 GC heap before
{Heap before GC invocations=42 (full 0):
 garbage-first heap   total 328704K, used 261422K [0x0000000085200000, 0x0000000100000000)
  region size 1024K, 108 young (110592K), 10 survivors (10240K)
 Metaspace       used 96331K, capacity 97325K, committed 97536K, reserved 1136640K
  class space    used 9516K, capacity 9880K, committed 9984K, reserved 1048576K
}
Event: 138.573 GC heap after
{Heap after GC invocations=43 (full 0):
 garbage-first heap   total 328704K, used 164062K [0x0000000085200000, 0x0000000100000000)
  region size 1024K, 9 young (9216K), 9 survivors (9216K)
 Metaspace       used 96331K, capacity 97325K, committed 97536K, reserved 1136640K
  class space    used 9516K, capacity 9880K, committed 9984K, reserved 1048576K
}
Event: 141.404 GC heap before
{Heap before GC invocations=43 (full 0):
 garbage-first heap   total 328704K, used 265438K [0x0000000085200000, 0x0000000100000000)
  region size 1024K, 108 young (110592K), 9 survivors (9216K)
 Metaspace       used 96413K, capacity 97389K, committed 97536K, reserved 1136640K
  class space    used 9516K, capacity 9880K, committed 9984K, reserved 1048576K
}
Event: 141.439 GC heap after
{Heap after GC invocations=44 (full 0):
 garbage-first heap   total 328704K, used 167598K [0x0000000085200000, 0x0000000100000000)
  region size 1024K, 8 young (8192K), 8 survivors (8192K)
 Metaspace       used 96413K, capacity 97389K, committed 97536K, reserved 1136640K
  class space    used 9516K, capacity 9880K, committed 9984K, reserved 1048576K
}
Event: 145.091 GC heap before
{Heap before GC invocations=44 (full 0):
 garbage-first heap   total 328704K, used 268974K [0x0000000085200000, 0x0000000100000000)
  region size 1024K, 107 young (109568K), 8 survivors (8192K)
 Metaspace       used 96459K, capacity 97453K, committed 97792K, reserved 1136640K
  class space    used 9516K, capacity 9880K, committed 9984K, reserved 1048576K
}
Event: 145.145 GC heap after
{Heap after GC invocations=45 (full 0):
 garbage-first heap   total 328704K, used 174833K [0x0000000085200000, 0x0000000100000000)
  region size 1024K, 12 young (12288K), 12 survivors (12288K)
 Metaspace       used 96459K, capacity 97453K, committed 97792K, reserved 1136640K
  class space    used 9516K, capacity 9880K, committed 9984K, reserved 1048576K
}
Event: 147.513 GC heap before
{Heap before GC invocations=45 (full 0):
 garbage-first heap   total 328704K, used 271089K [0x0000000085200000, 0x0000000100000000)
  region size 1024K, 106 young (108544K), 12 survivors (12288K)
 Metaspace       used 96494K, capacity 97455K, committed 97792K, reserved 1136640K
  class space    used 9516K, capacity 9880K, committed 9984K, reserved 1048576K
}
Event: 147.539 GC heap after
{Heap after GC invocations=46 (full 0):
 garbage-first heap   total 328704K, used 173296K [0x0000000085200000, 0x0000000100000000)
  region size 1024K, 6 young (6144K), 6 survivors (6144K)
 Metaspace       used 96494K, capacity 97455K, committed 97792K, reserved 1136640K
  class space    used 9516K, capacity 9880K, committed 9984K, reserved 1048576K
}
Event: 150.249 GC heap before
{Heap before GC invocations=46 (full 0):
 garbage-first heap   total 328704K, used 272624K [0x0000000085200000, 0x0000000100000000)
  region size 1024K, 103 young (105472K), 6 survivors (6144K)
 Metaspace       used 96635K, capacity 97583K, committed 97792K, reserved 1136640K
  class space    used 9517K, capacity 9880K, committed 9984K, reserved 1048576K
}
Event: 150.279 GC heap after
{Heap after GC invocations=47 (full 0):
 garbage-first heap   total 328704K, used 176775K [0x0000000085200000, 0x0000000100000000)
  region size 1024K, 9 young (9216K), 9 survivors (9216K)
 Metaspace       used 96635K, capacity 97583K, committed 97792K, reserved 1136640K
  class space    used 9517K, capacity 9880K, committed 9984K, reserved 1048576K
}
Event: 152.290 GC heap before
{Heap before GC invocations=47 (full 0):
 garbage-first heap   total 328704K, used 274055K [0x0000000085200000, 0x0000000100000000)
  region size 1024K, 104 young (106496K), 9 survivors (9216K)
 Metaspace       used 96702K, capacity 97647K, committed 97792K, reserved 1136640K
  class space    used 9520K, capacity 9880K, committed 9984K, reserved 1048576K
}
Event: 152.327 GC heap after
{Heap after GC invocations=48 (full 0):
 garbage-first heap   total 328704K, used 180604K [0x0000000085200000, 0x0000000100000000)
  region size 1024K, 10 young (10240K), 10 survivors (10240K)
 Metaspace       used 96702K, capacity 97647K, committed 97792K, reserved 1136640K
  class space    used 9520K, capacity 9880K, committed 9984K, reserved 1048576K
}

