# JRE version: OpenJDK Runtime Environment (11.0.10) (build 11.0.10+0-b96-7249189)
# Java VM: OpenJDK 64-Bit Server VM (11.0.10+0-b96-7249189, mixed mode, tiered, compressed oops, g1 gc, windows-amd64)
Heap:
 garbage-first heap   total 268288K, used 121414K [0x0000000080000000, 0x0000000100000000)
  region size 1024K, 6 young (6144K), 2 survivors (2048K)
 Metaspace       used 108475K, capacity 110910K, committed 111128K, reserved 1146880K
  class space    used 13195K, capacity 14072K, committed 14104K, reserved 1048576K
GC Heap History (20 events):
Event: 282.476 GC heap before
{Heap before GC invocations=57 (full 0):
 garbage-first heap   total 183296K, used 165154K [0x0000000080000000, 0x0000000100000000)
  region size 1024K, 14 young (14336K), 2 survivors (2048K)
 Metaspace       used 102854K, capacity 105179K, committed 105368K, reserved 1140736K
  class space    used 12742K, capacity 13604K, committed 13720K, reserved 1048576K
}
Event: 282.486 GC heap after
{Heap after GC invocations=58 (full 0):
 garbage-first heap   total 183296K, used 136595K [0x0000000080000000, 0x0000000100000000)
  region size 1024K, 2 young (2048K), 2 survivors (2048K)
 Metaspace       used 102854K, capacity 105179K, committed 105368K, reserved 1140736K
  class space    used 12742K, capacity 13604K, committed 13720K, reserved 1048576K
}
Event: 282.945 GC heap before
{Heap before GC invocations=59 (full 0):
 garbage-first heap   total 183296K, used 149907K [0x0000000080000000, 0x0000000100000000)
  region size 1024K, 15 young (15360K), 2 survivors (2048K)
 Metaspace       used 103487K, capacity 105837K, committed 106136K, reserved 1142784K
  class space    used 12801K, capacity 13674K, committed 13720K, reserved 1048576K
}
Event: 282.951 GC heap after
{Heap after GC invocations=60 (full 0):
 garbage-first heap   total 183296K, used 138711K [0x0000000080000000, 0x0000000100000000)
  region size 1024K, 2 young (2048K), 2 survivors (2048K)
 Metaspace       used 103487K, capacity 105837K, committed 106136K, reserved 1142784K
  class space    used 12801K, capacity 13674K, committed 13720K, reserved 1048576K
}
Event: 283.310 GC heap before
{Heap before GC invocations=60 (full 0):
 garbage-first heap   total 183296K, used 144855K [0x0000000080000000, 0x0000000100000000)
  region size 1024K, 8 young (8192K), 2 survivors (2048K)
 Metaspace       used 104553K, capacity 106888K, committed 107288K, reserved 1142784K
  class space    used 12865K, capacity 13738K, committed 13848K, reserved 1048576K
}
Event: 283.320 GC heap after
{Heap after GC invocations=61 (full 0):
 garbage-first heap   total 183296K, used 139070K [0x0000000080000000, 0x0000000100000000)
  region size 1024K, 1 young (1024K), 1 survivors (1024K)
 Metaspace       used 104553K, capacity 106888K, committed 107288K, reserved 1142784K
  class space    used 12865K, capacity 13738K, committed 13848K, reserved 1048576K
}
Event: 283.665 GC heap before
{Heap before GC invocations=61 (full 0):
 garbage-first heap   total 183296K, used 151358K [0x0000000080000000, 0x0000000100000000)
  region size 1024K, 14 young (14336K), 1 survivors (1024K)
 Metaspace       used 106077K, capacity 108360K, committed 108696K, reserved 1144832K
  class space    used 13001K, capacity 13866K, committed 13976K, reserved 1048576K
}
Event: 283.676 GC heap after
{Heap after GC invocations=62 (full 0):
 garbage-first heap   total 183296K, used 140580K [0x0000000080000000, 0x0000000100000000)
  region size 1024K, 2 young (2048K), 2 survivors (2048K)
 Metaspace       used 106077K, capacity 108360K, committed 108696K, reserved 1144832K
  class space    used 13001K, capacity 13866K, committed 13976K, reserved 1048576K
}
Event: 284.300 GC heap before
{Heap before GC invocations=62 (full 0):
 garbage-first heap   total 183296K, used 140580K [0x0000000080000000, 0x0000000100000000)
  region size 1024K, 14 young (14336K), 2 survivors (2048K)
 Metaspace       used 106274K, capacity 108561K, committed 108952K, reserved 1144832K
  class space    used 13005K, capacity 13866K, committed 13976K, reserved 1048576K
}
Event: 284.312 GC heap after
{Heap after GC invocations=63 (full 0):
 garbage-first heap   total 220160K, used 129794K [0x0000000080000000, 0x0000000100000000)
  region size 1024K, 2 young (2048K), 2 survivors (2048K)
 Metaspace       used 106274K, capacity 108561K, committed 108952K, reserved 1144832K
  class space    used 13005K, capacity 13866K, committed 13976K, reserved 1048576K
}
Event: 284.910 GC heap before
{Heap before GC invocations=64 (full 0):
 garbage-first heap   total 220160K, used 159490K [0x0000000080000000, 0x0000000100000000)
  region size 1024K, 31 young (31744K), 2 survivors (2048K)
 Metaspace       used 106499K, capacity 108785K, committed 108952K, reserved 1144832K
  class space    used 13019K, capacity 13898K, committed 13976K, reserved 1048576K
}
Event: 284.925 GC heap after
{Heap after GC invocations=65 (full 0):
 garbage-first heap   total 220160K, used 134058K [0x0000000080000000, 0x0000000100000000)
  region size 1024K, 4 young (4096K), 4 survivors (4096K)
 Metaspace       used 106499K, capacity 108785K, committed 108952K, reserved 1144832K
  class space    used 13019K, capacity 13898K, committed 13976K, reserved 1048576K
}
Event: 285.002 GC heap before
{Heap before GC invocations=65 (full 0):
 garbage-first heap   total 220160K, used 139178K [0x0000000080000000, 0x0000000100000000)
  region size 1024K, 10 young (10240K), 4 survivors (4096K)
 Metaspace       used 106598K, capacity 108913K, committed 109208K, reserved 1144832K
  class space    used 13027K, capacity 13898K, committed 13976K, reserved 1048576K
}
Event: 285.019 GC heap after
{Heap after GC invocations=66 (full 0):
 garbage-first heap   total 220160K, used 118624K [0x0000000080000000, 0x0000000100000000)
  region size 1024K, 2 young (2048K), 2 survivors (2048K)
 Metaspace       used 106598K, capacity 108913K, committed 109208K, reserved 1144832K
  class space    used 13027K, capacity 13898K, committed 13976K, reserved 1048576K
}
Event: 285.710 GC heap before
{Heap before GC invocations=66 (full 0):
 garbage-first heap   total 220160K, used 153440K [0x0000000080000000, 0x0000000100000000)
  region size 1024K, 37 young (37888K), 2 survivors (2048K)
 Metaspace       used 107242K, capacity 109585K, committed 109720K, reserved 1144832K
  class space    used 13071K, capacity 13930K, committed 13976K, reserved 1048576K
}
Event: 285.725 GC heap after
{Heap after GC invocations=67 (full 0):
 garbage-first heap   total 220160K, used 120069K [0x0000000080000000, 0x0000000100000000)
  region size 1024K, 3 young (3072K), 3 survivors (3072K)
 Metaspace       used 107242K, capacity 109585K, committed 109720K, reserved 1144832K
  class space    used 13071K, capacity 13930K, committed 13976K, reserved 1048576K
}
Event: 289.792 GC heap before
{Heap before GC invocations=68 (full 0):
 garbage-first heap   total 220160K, used 157957K [0x0000000080000000, 0x0000000100000000)
  region size 1024K, 41 young (41984K), 3 survivors (3072K)
 Metaspace       used 108250K, capacity 110554K, committed 110872K, reserved 1146880K
  class space    used 13178K, capacity 14039K, committed 14104K, reserved 1048576K
}
Event: 289.816 GC heap after
{Heap after GC invocations=69 (full 0):
 garbage-first heap   total 268288K, used 121422K [0x0000000080000000, 0x0000000100000000)
  region size 1024K, 5 young (5120K), 5 survivors (5120K)
 Metaspace       used 108250K, capacity 110554K, committed 110872K, reserved 1146880K
  class space    used 13178K, capacity 14039K, committed 14104K, reserved 1048576K
}
Event: 290.165 GC heap before
{Heap before GC invocations=69 (full 0):
 garbage-first heap   total 268288K, used 128590K [0x0000000080000000, 0x0000000100000000)
  region size 1024K, 13 young (13312K), 5 survivors (5120K)
 Metaspace       used 108361K, capacity 110683K, committed 110872K, reserved 1146880K
  class space    used 13181K, capacity 14039K, committed 14104K, reserved 1048576K
}
Event: 290.182 GC heap after
{Heap after GC invocations=70 (full 0):
 garbage-first heap   total 268288K, used 118342K [0x0000000080000000, 0x0000000100000000)
  region size 1024K, 2 young (2048K), 2 survivors (2048K)
 Metaspace       used 108361K, capacity 110683K, committed 110872K, reserved 1146880K
  class space    used 13181K, capacity 14039K, committed 14104K, reserved 1048576K
}

