# JRE version: OpenJDK Runtime Environment (11.0.10) (build 11.0.10+0-b96-7249189)
# Java VM: OpenJDK 64-Bit Server VM (11.0.10+0-b96-7249189, mixed mode, tiered, compressed oops, g1 gc, windows-amd64)
Heap:
 garbage-first heap   total 264192K, used 158376K [0x0000000080000000, 0x0000000100000000)
  region size 1024K, 51 young (52224K), 11 survivors (11264K)
 Metaspace       used 102044K, capacity 104326K, committed 104396K, reserved 1140736K
  class space    used 12665K, capacity 13524K, committed 13568K, reserved 1048576K
GC Heap History (20 events):
Event: 59.361 GC heap before
{Heap before GC invocations=33 (full 0):
 garbage-first heap   total 183296K, used 147270K [0x0000000080000000, 0x0000000100000000)
  region size 1024K, 26 young (26624K), 1 survivors (1024K)
 Metaspace       used 91052K, capacity 93119K, committed 93388K, reserved 1130496K
  class space    used 11470K, capacity 12245K, committed 12288K, reserved 1048576K
}
Event: 59.373 GC heap after
{Heap after GC invocations=34 (full 0):
 garbage-first heap   total 220160K, used 126118K [0x0000000080000000, 0x0000000100000000)
  region size 1024K, 4 young (4096K), 4 survivors (4096K)
 Metaspace       used 91052K, capacity 93119K, committed 93388K, reserved 1130496K
  class space    used 11470K, capacity 12245K, committed 12288K, reserved 1048576K
}
Event: 60.760 GC heap before
{Heap before GC invocations=35 (full 0):
 garbage-first heap   total 220160K, used 164006K [0x0000000080000000, 0x0000000100000000)
  region size 1024K, 43 young (44032K), 4 survivors (4096K)
 Metaspace       used 93318K, capacity 95433K, committed 95692K, reserved 1132544K
  class space    used 11643K, capacity 12437K, committed 12544K, reserved 1048576K
}
Event: 60.778 GC heap after
{Heap after GC invocations=36 (full 0):
 garbage-first heap   total 220160K, used 128354K [0x0000000080000000, 0x0000000100000000)
  region size 1024K, 4 young (4096K), 4 survivors (4096K)
 Metaspace       used 93318K, capacity 95433K, committed 95692K, reserved 1132544K
  class space    used 11643K, capacity 12437K, committed 12544K, reserved 1048576K
}
Event: 60.885 GC heap before
{Heap before GC invocations=36 (full 0):
 garbage-first heap   total 220160K, used 134498K [0x0000000080000000, 0x0000000100000000)
  region size 1024K, 10 young (10240K), 4 survivors (4096K)
 Metaspace       used 93333K, capacity 95433K, committed 95692K, reserved 1132544K
  class space    used 11643K, capacity 12437K, committed 12544K, reserved 1048576K
}
Event: 60.908 GC heap after
{Heap after GC invocations=37 (full 0):
 garbage-first heap   total 220160K, used 109712K [0x0000000080000000, 0x0000000100000000)
  region size 1024K, 2 young (2048K), 2 survivors (2048K)
 Metaspace       used 93333K, capacity 95433K, committed 95692K, reserved 1132544K
  class space    used 11643K, capacity 12437K, committed 12544K, reserved 1048576K
}
Event: 61.508 GC heap before
{Heap before GC invocations=37 (full 0):
 garbage-first heap   total 220160K, used 158864K [0x0000000080000000, 0x0000000100000000)
  region size 1024K, 50 young (51200K), 2 survivors (2048K)
 Metaspace       used 94214K, capacity 96393K, committed 96716K, reserved 1134592K
  class space    used 11701K, capacity 12501K, committed 12544K, reserved 1048576K
}
Event: 61.520 GC heap after
{Heap after GC invocations=38 (full 0):
 garbage-first heap   total 220160K, used 109645K [0x0000000080000000, 0x0000000100000000)
  region size 1024K, 2 young (2048K), 2 survivors (2048K)
 Metaspace       used 94214K, capacity 96393K, committed 96716K, reserved 1134592K
  class space    used 11701K, capacity 12501K, committed 12544K, reserved 1048576K
}
Event: 64.826 GC heap before
{Heap before GC invocations=39 (full 0):
 garbage-first heap   total 220160K, used 157773K [0x0000000080000000, 0x0000000100000000)
  region size 1024K, 53 young (54272K), 2 survivors (2048K)
 Metaspace       used 95243K, capacity 97338K, committed 97612K, reserved 1134592K
  class space    used 11806K, capacity 12572K, committed 12672K, reserved 1048576K
}
Event: 64.865 GC heap after
{Heap after GC invocations=40 (full 0):
 garbage-first heap   total 220160K, used 109778K [0x0000000080000000, 0x0000000100000000)
  region size 1024K, 5 young (5120K), 5 survivors (5120K)
 Metaspace       used 95243K, capacity 97338K, committed 97612K, reserved 1134592K
  class space    used 11806K, capacity 12572K, committed 12672K, reserved 1048576K
}
Event: 65.715 GC heap before
{Heap before GC invocations=40 (full 0):
 garbage-first heap   total 220160K, used 114898K [0x0000000080000000, 0x0000000100000000)
  region size 1024K, 10 young (10240K), 5 survivors (5120K)
 Metaspace       used 95329K, capacity 97405K, committed 97612K, reserved 1134592K
  class space    used 11807K, capacity 12573K, committed 12672K, reserved 1048576K
}
Event: 65.748 GC heap after
{Heap after GC invocations=41 (full 0):
 garbage-first heap   total 220160K, used 106118K [0x0000000080000000, 0x0000000100000000)
  region size 1024K, 1 young (1024K), 1 survivors (1024K)
 Metaspace       used 95329K, capacity 97405K, committed 97612K, reserved 1134592K
  class space    used 11807K, capacity 12573K, committed 12672K, reserved 1048576K
}
Event: 67.519 GC heap before
{Heap before GC invocations=41 (full 0):
 garbage-first heap   total 220160K, used 164486K [0x0000000080000000, 0x0000000100000000)
  region size 1024K, 58 young (59392K), 1 survivors (1024K)
 Metaspace       used 98831K, capacity 100933K, committed 101196K, reserved 1136640K
  class space    used 12239K, capacity 13062K, committed 13184K, reserved 1048576K
}
Event: 67.537 GC heap after
{Heap after GC invocations=42 (full 0):
 garbage-first heap   total 264192K, used 108236K [0x0000000080000000, 0x0000000100000000)
  region size 1024K, 3 young (3072K), 3 survivors (3072K)
 Metaspace       used 98831K, capacity 100933K, committed 101196K, reserved 1136640K
  class space    used 12239K, capacity 13062K, committed 13184K, reserved 1048576K
}
Event: 73.059 GC heap before
{Heap before GC invocations=43 (full 0):
 garbage-first heap   total 264192K, used 190156K [0x0000000080000000, 0x0000000100000000)
  region size 1024K, 84 young (86016K), 3 survivors (3072K)
 Metaspace       used 99148K, capacity 101336K, committed 101452K, reserved 1138688K
  class space    used 12271K, capacity 13102K, committed 13184K, reserved 1048576K
}
Event: 73.112 GC heap after
{Heap after GC invocations=44 (full 0):
 garbage-first heap   total 264192K, used 115430K [0x0000000080000000, 0x0000000100000000)
  region size 1024K, 10 young (10240K), 10 survivors (10240K)
 Metaspace       used 99148K, capacity 101336K, committed 101452K, reserved 1138688K
  class space    used 12271K, capacity 13102K, committed 13184K, reserved 1048576K
}
Event: 73.169 GC heap before
{Heap before GC invocations=44 (full 0):
 garbage-first heap   total 264192K, used 117478K [0x0000000080000000, 0x0000000100000000)
  region size 1024K, 12 young (12288K), 10 survivors (10240K)
 Metaspace       used 99149K, capacity 101336K, committed 101452K, reserved 1138688K
  class space    used 12271K, capacity 13102K, committed 13184K, reserved 1048576K
}
Event: 73.191 GC heap after
{Heap after GC invocations=45 (full 0):
 garbage-first heap   total 264192K, used 107673K [0x0000000080000000, 0x0000000100000000)
  region size 1024K, 2 young (2048K), 2 survivors (2048K)
 Metaspace       used 99149K, capacity 101336K, committed 101452K, reserved 1138688K
  class space    used 12271K, capacity 13102K, committed 13184K, reserved 1048576K
}
Event: 76.009 GC heap before
{Heap before GC invocations=45 (full 0):
 garbage-first heap   total 264192K, used 192665K [0x0000000080000000, 0x0000000100000000)
  region size 1024K, 84 young (86016K), 2 survivors (2048K)
 Metaspace       used 99824K, capacity 101978K, committed 102348K, reserved 1138688K
  class space    used 12348K, capacity 13186K, committed 13312K, reserved 1048576K
}
Event: 76.053 GC heap after
{Heap after GC invocations=46 (full 0):
 garbage-first heap   total 264192K, used 119464K [0x0000000080000000, 0x0000000100000000)
  region size 1024K, 11 young (11264K), 11 survivors (11264K)
 Metaspace       used 99824K, capacity 101978K, committed 102348K, reserved 1138688K
  class space    used 12348K, capacity 13186K, committed 13312K, reserved 1048576K
}

